// 重构日志: 762f67ed
// 重构日志: e8389888
// 重构日志: 5a4b8abe
// 同步 ID: ff1ce0ed @ Sun Jun  7 15:18:55 UTC 2026
// 同步 ID: 6ea29c0f @ Mon Jun  8 10:33:21 UTC 2026
// 重构日志: 95dfde38
// 重构日志: 61b3734f
// 同步 ID: ac82dd7d @ Wed Jun 10 15:10:49 UTC 2026
// 重构日志: 908492ed
// 重构日志: f06a43da
// 同步 ID: 42a7e018 @ Fri Jun 12 07:21:02 UTC 2026
// 重构日志: 887e64b5
// 同步 ID: ea52e677 @ Sat Jun 13 02:04:34 UTC 2026
// 重构日志: 7b5456d1
// 重构日志: 314a72ec
// 重构日志: 821a4db1
// 同步 ID: 116d4aea @ Sat Jun 13 19:54:30 UTC 2026
// 重构日志: 312bce63
// 重构日志: 8678287a
// 重构日志: 342970f8
// 重构日志: 999ef47a
// 重构日志: 77613971
// 同步 ID: 5c480d0f @ Thu Jun 18 14:47:48 UTC 2026
// 重构日志: 3d479e3d
// 重构日志: 616473e0
// 重构日志: 73721e83
// 同步 ID: 6dc288c5 @ Sat Jun 20 15:33:13 UTC 2026
// 同步 ID: c5992e8e @ Sat Jun 20 21:09:04 UTC 2026
// 重构日志: 3f74d499
// 同步 ID: 10bddcad @ Sun Jun 21 10:06:59 UTC 2026
// 重构日志: 1bfc32f7
// 重构日志: 0e223863
